c:\users\smasson99\desktop\tp2-progii\platformer\platformer\debug\vc141.pdb
c:\users\smasson99\desktop\tp2-progii\platformer\platformer\debug\vc141.idb
c:\users\smasson99\desktop\tp2-progii\platformer\platformer\debug\animationshredder.obj
c:\users\smasson99\desktop\tp2-progii\platformer\platformer\debug\main.obj
c:\users\smasson99\desktop\tp2-progii\platformer\platformer\debug\objectanimator.obj
c:\users\smasson99\desktop\tp2-progii\platformer\platformer\debug\scenetitre.obj
c:\users\smasson99\desktop\tp2-progii\platformer\platformer\debug\testeur.obj
c:\users\smasson99\desktop\tp2-progii\platformer\platformer\debug\textbox.obj
c:\users\smasson99\desktop\tp2-progii\platformer\platformer\debug\joueur.obj
c:\users\smasson99\desktop\tp2-progii\platformer\platformer\debug\game.obj
c:\users\smasson99\desktop\tp2-progii\platformer\platformer\debug\sceneniveau1.obj
c:\users\smasson99\desktop\tp2-progii\platformer\debug\platformer.ilk
c:\users\smasson99\desktop\tp2-progii\platformer\debug\platformer.exe
c:\users\smasson99\desktop\tp2-progii\platformer\debug\platformer.pdb
c:\users\smasson99\desktop\tp2-progii\platformer\platformer\debug\platformer.tlog\cl.command.1.tlog
c:\users\smasson99\desktop\tp2-progii\platformer\platformer\debug\platformer.tlog\cl.read.1.tlog
c:\users\smasson99\desktop\tp2-progii\platformer\platformer\debug\platformer.tlog\cl.write.1.tlog
c:\users\smasson99\desktop\tp2-progii\platformer\platformer\debug\platformer.tlog\link.command.1.tlog
c:\users\smasson99\desktop\tp2-progii\platformer\platformer\debug\platformer.tlog\link.read.1.tlog
c:\users\smasson99\desktop\tp2-progii\platformer\platformer\debug\platformer.tlog\link.write.1.tlog
